<?xml version="1.0" encoding="UTF-8"?>
<!-- Generated by org.testng.reporters.JUnitReportReporter -->
<testsuite hostname="DESKTOP-3CKMDVP" failures="0" tests="1" name="com.cucRuner.RunnerTest" time="13.070" errors="0" timestamp="2025-04-02T11:20:08 IST" skipped="0">
  <testcase classname="com.cucRuner.RunnerTest" name="runScenario" time="13.070"/>
</testsuite> <!-- com.cucRuner.RunnerTest -->
