<?xml version="1.0" encoding="UTF-8"?>
<!-- Generated by org.testng.reporters.JUnitReportReporter -->
<testsuite hostname="DESKTOP-3CKMDVP" failures="0" tests="1" name="com.cucRuner.RunnerTest" time="11.574" errors="0" timestamp="2025-04-02T10:39:46 IST" skipped="0">
  <testcase classname="com.cucRuner.RunnerTest" name="runScenario" time="11.574"/>
</testsuite> <!-- com.cucRuner.RunnerTest -->
